c:\users\ליבוביץ\desktop\final_project\build\secure_application\secure_functions_u.h
c:\users\ליבוביץ\desktop\final_project\build\secure_application\secure_functions_u.c
c:\users\ליבוביץ\documents\development-of-rules-based-security-system-and-intel-sgx\final_project\build\secure_application\secure_functions_u.h
c:\users\ליבוביץ\documents\development-of-rules-based-security-system-and-intel-sgx\final_project\build\secure_application\secure_functions_u.c
c:\users\ליבוביץ\desktop\final_project\build\secure_application\x64\release\secure_functions_u.obj
c:\users\ליבוביץ\desktop\final_project\build\secure_application\x64\release\source.obj
c:\users\ליבוביץ\documents\development-of-rules-based-security-system-and-intel-sgx\final_project\build\secure_application\x64\release\secure_functions_u.obj
c:\users\ליבוביץ\documents\development-of-rules-based-security-system-and-intel-sgx\final_project\build\secure_application\x64\release\source.obj
c:\users\ליבוביץ\desktop\final_project\build\secure_application\x64\release\vcpkg.applocal.log
c:\users\ליבוביץ\documents\development-of-rules-based-security-system-and-intel-sgx\final_project\build\secure_application\x64\release\vcpkg.applocal.log
c:\users\7e07~1\appdata\local\temp\lnk{0c9d06e9-7bf3-4089-a15e-ea9d54974c66}.tmp
c:\users\7e07~1\appdata\local\temp\lnk{2506896b-8385-497b-ba5f-f3b34b3da33f}.tmp
c:\users\7e07~1\appdata\local\temp\lnk{a728d36a-4900-40e4-b79d-5743c48409aa}.tmp
c:\users\7e07~1\appdata\local\temp\lnk{d39762db-6a0f-409e-8387-e51be03bd038}.tmp
c:\users\ליבוביץ\desktop\final_project\build\secure_application\x64\release\secure_application.exe
c:\users\ליבוביץ\desktop\final_project\build\secure_application\x64\release\secure_application.pdb
c:\users\ליבוביץ\documents\development-of-rules-based-security-system-and-intel-sgx\final_project\build\x64\release\secure_application.exe
c:\users\ליבוביץ\documents\development-of-rules-based-security-system-and-intel-sgx\final_project\build\x64\release\secure_application.pdb
c:\users\ליבוביץ\documents\development-of-rules-based-security-system-and-intel-sgx\final_project\build\secure_application\x64\release\secure_application.pdb
c:\users\ליבוביץ\documents\development-of-rules-based-security-system-and-intel-sgx\final_project\build\secure_application\x64\release\secure_a.4649aaca.tlog\custombuild.command.1.tlog
c:\users\ליבוביץ\documents\development-of-rules-based-security-system-and-intel-sgx\final_project\build\secure_application\x64\release\secure_a.4649aaca.tlog\custombuild.read.1.tlog
c:\users\ליבוביץ\documents\development-of-rules-based-security-system-and-intel-sgx\final_project\build\secure_application\x64\release\secure_a.4649aaca.tlog\custombuild.write.1.tlog
c:\users\ליבוביץ\documents\development-of-rules-based-security-system-and-intel-sgx\final_project\build\secure_application\x64\release\secure_a.4649aaca.tlog\icl-mcpcom.read.1.tlog
c:\users\ליבוביץ\documents\development-of-rules-based-security-system-and-intel-sgx\final_project\build\secure_application\x64\release\secure_a.4649aaca.tlog\icl-mcpcom.write.1.tlog
c:\users\ליבוביץ\documents\development-of-rules-based-security-system-and-intel-sgx\final_project\build\secure_application\x64\release\secure_a.4649aaca.tlog\icl.command.1.tlog
c:\users\ליבוביץ\documents\development-of-rules-based-security-system-and-intel-sgx\final_project\build\secure_application\x64\release\secure_a.4649aaca.tlog\icl.read.1.tlog
c:\users\ליבוביץ\documents\development-of-rules-based-security-system-and-intel-sgx\final_project\build\secure_application\x64\release\secure_a.4649aaca.tlog\icl.write.1.tlog
c:\users\ליבוביץ\documents\development-of-rules-based-security-system-and-intel-sgx\final_project\build\secure_application\x64\release\secure_a.4649aaca.tlog\secure_application.write.1u.tlog
c:\users\ליבוביץ\documents\development-of-rules-based-security-system-and-intel-sgx\final_project\build\secure_application\x64\release\secure_a.4649aaca.tlog\xilink-link-cvtres.read.1.tlog
c:\users\ליבוביץ\documents\development-of-rules-based-security-system-and-intel-sgx\final_project\build\secure_application\x64\release\secure_a.4649aaca.tlog\xilink-link-cvtres.write.1.tlog
c:\users\ליבוביץ\documents\development-of-rules-based-security-system-and-intel-sgx\final_project\build\secure_application\x64\release\secure_a.4649aaca.tlog\xilink-link-rc.read.1.tlog
c:\users\ליבוביץ\documents\development-of-rules-based-security-system-and-intel-sgx\final_project\build\secure_application\x64\release\secure_a.4649aaca.tlog\xilink-link-rc.write.1.tlog
c:\users\ליבוביץ\documents\development-of-rules-based-security-system-and-intel-sgx\final_project\build\secure_application\x64\release\secure_a.4649aaca.tlog\xilink-link-vctip.read.1.tlog
c:\users\ליבוביץ\documents\development-of-rules-based-security-system-and-intel-sgx\final_project\build\secure_application\x64\release\secure_a.4649aaca.tlog\xilink-link-vctip.write.1.tlog
c:\users\ליבוביץ\documents\development-of-rules-based-security-system-and-intel-sgx\final_project\build\secure_application\x64\release\secure_a.4649aaca.tlog\xilink-link.read.1.tlog
c:\users\ליבוביץ\documents\development-of-rules-based-security-system-and-intel-sgx\final_project\build\secure_application\x64\release\secure_a.4649aaca.tlog\xilink-link.write.1.tlog
c:\users\ליבוביץ\documents\development-of-rules-based-security-system-and-intel-sgx\final_project\build\secure_application\x64\release\secure_a.4649aaca.tlog\xilink-mcpcom.read.1.tlog
c:\users\ליבוביץ\documents\development-of-rules-based-security-system-and-intel-sgx\final_project\build\secure_application\x64\release\secure_a.4649aaca.tlog\xilink-mcpcom.write.1.tlog
c:\users\ליבוביץ\documents\development-of-rules-based-security-system-and-intel-sgx\final_project\build\secure_application\x64\release\secure_a.4649aaca.tlog\xilink.command.1.tlog
c:\users\ליבוביץ\documents\development-of-rules-based-security-system-and-intel-sgx\final_project\build\secure_application\x64\release\secure_a.4649aaca.tlog\xilink.read.1.tlog
c:\users\ליבוביץ\documents\development-of-rules-based-security-system-and-intel-sgx\final_project\build\secure_application\x64\release\secure_a.4649aaca.tlog\xilink.write.1.tlog
