c:\users\ליבוביץ\desktop\dev\final_project\build\decompile.dir\release\validate.obj
c:\users\ליבוביץ\desktop\dev\final_project\build\decompile.dir\release\scan.obj
c:\users\ליבוביץ\desktop\dev\final_project\build\decompile.dir\release\recursionhandle.obj
c:\users\ליבוביץ\desktop\dev\final_project\build\decompile.dir\release\parsefile.obj
c:\users\ליבוביץ\desktop\dev\final_project\build\decompile.dir\release\main.obj
c:\users\ליבוביץ\desktop\dev\final_project\build\decompile.dir\release\dictionary.obj
c:\users\ליבוביץ\desktop\dev\final_project\build\decompile.dir\release\compile.obj
c:\users\ליבוביץ\desktop\dev\final_project\build\decompile.dir\release\decompile.obj
c:\users\ליבוביץ\desktop\final_project\build\cmakefiles\generate.stamp
c:\users\ליבוביץ\desktop\dev\final_project\build\decompile.dir\release\vcpkg.applocal.log
c:\users\ליבוביץ\desktop\final_project\build\release\decompile.exe
c:\users\ליבוביץ\desktop\dev\final_project\build\decompile.dir\release\decompile.tlog\cl.command.1.tlog
c:\users\ליבוביץ\desktop\dev\final_project\build\decompile.dir\release\decompile.tlog\cl.read.1.tlog
c:\users\ליבוביץ\desktop\dev\final_project\build\decompile.dir\release\decompile.tlog\cl.write.1.tlog
c:\users\ליבוביץ\desktop\dev\final_project\build\decompile.dir\release\decompile.tlog\custombuild.command.1.tlog
c:\users\ליבוביץ\desktop\dev\final_project\build\decompile.dir\release\decompile.tlog\custombuild.read.1.tlog
c:\users\ליבוביץ\desktop\dev\final_project\build\decompile.dir\release\decompile.tlog\custombuild.write.1.tlog
c:\users\ליבוביץ\desktop\dev\final_project\build\decompile.dir\release\decompile.tlog\decompile.write.1u.tlog
c:\users\ליבוביץ\desktop\dev\final_project\build\decompile.dir\release\decompile.tlog\link.command.1.tlog
c:\users\ליבוביץ\desktop\dev\final_project\build\decompile.dir\release\decompile.tlog\link.read.1.tlog
c:\users\ליבוביץ\desktop\dev\final_project\build\decompile.dir\release\decompile.tlog\link.write.1.tlog
