  Building Custom Rule C:/Users/ליבוביץ/Desktop/final_project/CMakeLists.txt
  CMake does not need to re-run because C:/Users/╫£╫ש╫ס╫ץ╫ס╫ש╫Ñ/Desktop/final_project/build/CMakeFiles/generate.stamp is up-to-date.
  decompile.cpp
  Compile.cpp
  Dictionary.cpp
  main.cpp
  ParseFile.cpp
ParseFile.cpp(43): warning C4267: 'initializing': conversion from 'size_t' to 'int', possible loss of data
ParseFile.cpp(92): warning C4267: 'initializing': conversion from 'size_t' to 'int', possible loss of data
ParseFile.cpp(222): warning C4477: 'printf' : format string '%s' requires an argument of type 'char *', but variadic argument 1 has type 'std::string'
ParseFile.cpp(256): warning C4477: 'printf' : format string '%s' requires an argument of type 'char *', but variadic argument 1 has type 'std::string'
  Scan.cpp
Scan.cpp(5): warning C4067: unexpected tokens following preprocessor directive - expected a newline
  Validate.cpp
Validate.cpp(37): warning C4305: 'return': truncation from 'int' to 'bool'
Validate.cpp(59): warning C4305: 'return': truncation from 'int' to 'bool'
Validate.cpp(83): warning C4305: 'return': truncation from 'int' to 'bool'
Validate.cpp(96): warning C4305: 'return': truncation from 'int' to 'bool'
Validate.cpp(121): warning C4305: 'return': truncation from 'int' to 'bool'
  Generating Code...
  decompile.vcxproj -> C:\Users\ליבוביץ\Desktop\final_project\build\Release\decompile.exe
