c:\users\ליבוביץ\desktop\final_project\build\secure_functions\secure_functions_t.h
c:\users\ליבוביץ\desktop\final_project\build\secure_functions\secure_functions_t.c
c:\users\ליבוביץ\desktop\final_project\build\secure_functions\x64\release\secure_functions.obj
c:\users\ליבוביץ\desktop\final_project\build\secure_functions\x64\release\vc140.pdb
c:\users\ליבוביץ\desktop\final_project\build\secure_functions\x64\release\secure_functions_t.obj
c:\users\ליבוביץ\desktop\final_project\build\x64\release\secure_functions.lib
c:\users\ליבוביץ\desktop\final_project\build\x64\release\secure_functions.exp
c:\users\ליבוביץ\desktop\final_project\build\secure_functions\x64\release\vcpkg.applocal.log
c:\users\ליבוביץ\desktop\final_project\build\x64\release\secure_functions.dll
c:\users\ליבוביץ\desktop\final_project\build\x64\release\secure_functions.pdb
c:\users\ליבוביץ\desktop\final_project\build\secure_functions\x64\release\secure_functions.tlog\custombuild.command.1.tlog
c:\users\ליבוביץ\desktop\final_project\build\secure_functions\x64\release\secure_functions.tlog\custombuild.read.1.tlog
c:\users\ליבוביץ\desktop\final_project\build\secure_functions\x64\release\secure_functions.tlog\custombuild.write.1.tlog
c:\users\ליבוביץ\desktop\final_project\build\secure_functions\x64\release\secure_functions.tlog\icl-mcpcom.read.1.tlog
c:\users\ליבוביץ\desktop\final_project\build\secure_functions\x64\release\secure_functions.tlog\icl-mcpcom.write.1.tlog
c:\users\ליבוביץ\desktop\final_project\build\secure_functions\x64\release\secure_functions.tlog\icl.command.1.tlog
c:\users\ליבוביץ\desktop\final_project\build\secure_functions\x64\release\secure_functions.tlog\icl.read.1.tlog
c:\users\ליבוביץ\desktop\final_project\build\secure_functions\x64\release\secure_functions.tlog\icl.write.1.tlog
c:\users\ליבוביץ\desktop\final_project\build\secure_functions\x64\release\secure_functions.tlog\secure_functions.write.1u.tlog
c:\users\ליבוביץ\desktop\final_project\build\secure_functions\x64\release\secure_functions.tlog\xilink-link.read.1.tlog
c:\users\ליבוביץ\desktop\final_project\build\secure_functions\x64\release\secure_functions.tlog\xilink-link.read.2.tlog
c:\users\ליבוביץ\desktop\final_project\build\secure_functions\x64\release\secure_functions.tlog\xilink-link.write.1.tlog
c:\users\ליבוביץ\desktop\final_project\build\secure_functions\x64\release\secure_functions.tlog\xilink.command.1.tlog
c:\users\ליבוביץ\desktop\final_project\build\secure_functions\x64\release\secure_functions.tlog\xilink.read.1.tlog
c:\users\ליבוביץ\desktop\final_project\build\secure_functions\x64\release\secure_functions.tlog\xilink.write.1.tlog
