c:\users\ליבוביץ\documents\visual studio 2015\projects\secure_functions\secure_functions\secure_functions_t.h
c:\users\ליבוביץ\documents\visual studio 2015\projects\secure_functions\secure_functions\secure_functions_t.c
c:\users\ליבוביץ\documents\visual studio 2015\projects\secure_functions\secure_functions\debug\secure_functions.obj
c:\users\ליבוביץ\documents\visual studio 2015\projects\secure_functions\secure_functions\debug\vc140.pdb
c:\users\ליבוביץ\documents\visual studio 2015\projects\secure_functions\secure_functions\debug\secure_functions_t.obj
c:\users\ליבוביץ\documents\visual studio 2015\projects\secure_functions\debug\secure_functions.lib
c:\users\ליבוביץ\documents\visual studio 2015\projects\secure_functions\debug\secure_functions.exp
c:\users\ליבוביץ\documents\visual studio 2015\projects\secure_functions\secure_functions\debug\vcpkg.applocal.log
c:\users\ליבוביץ\documents\visual studio 2015\projects\secure_functions\debug\secure_functions.dll
c:\users\ליבוביץ\documents\visual studio 2015\projects\secure_functions\debug\secure_functions.pdb
c:\users\ליבוביץ\documents\visual studio 2015\projects\secure_functions\secure_functions\debug\secure_functions.tlog\custombuild.command.1.tlog
c:\users\ליבוביץ\documents\visual studio 2015\projects\secure_functions\secure_functions\debug\secure_functions.tlog\custombuild.read.1.tlog
c:\users\ליבוביץ\documents\visual studio 2015\projects\secure_functions\secure_functions\debug\secure_functions.tlog\custombuild.write.1.tlog
c:\users\ליבוביץ\documents\visual studio 2015\projects\secure_functions\secure_functions\debug\secure_functions.tlog\icl-mcpcom.read.1.tlog
c:\users\ליבוביץ\documents\visual studio 2015\projects\secure_functions\secure_functions\debug\secure_functions.tlog\icl-mcpcom.write.1.tlog
c:\users\ליבוביץ\documents\visual studio 2015\projects\secure_functions\secure_functions\debug\secure_functions.tlog\icl.command.1.tlog
c:\users\ליבוביץ\documents\visual studio 2015\projects\secure_functions\secure_functions\debug\secure_functions.tlog\icl.read.1.tlog
c:\users\ליבוביץ\documents\visual studio 2015\projects\secure_functions\secure_functions\debug\secure_functions.tlog\icl.write.1.tlog
c:\users\ליבוביץ\documents\visual studio 2015\projects\secure_functions\secure_functions\debug\secure_functions.tlog\secure_functions.write.1u.tlog
c:\users\ליבוביץ\documents\visual studio 2015\projects\secure_functions\secure_functions\debug\secure_functions.tlog\xilink-link.read.1.tlog
c:\users\ליבוביץ\documents\visual studio 2015\projects\secure_functions\secure_functions\debug\secure_functions.tlog\xilink-link.read.2.tlog
c:\users\ליבוביץ\documents\visual studio 2015\projects\secure_functions\secure_functions\debug\secure_functions.tlog\xilink-link.write.1.tlog
c:\users\ליבוביץ\documents\visual studio 2015\projects\secure_functions\secure_functions\debug\secure_functions.tlog\xilink.command.1.tlog
c:\users\ליבוביץ\documents\visual studio 2015\projects\secure_functions\secure_functions\debug\secure_functions.tlog\xilink.read.1.tlog
c:\users\ליבוביץ\documents\visual studio 2015\projects\secure_functions\secure_functions\debug\secure_functions.tlog\xilink.write.1.tlog
