c:\users\ליבוביץ\documents\visual studio 2015\projects\secure_functions\app\debug\vcpkg.applocal.log
c:\users\ליבוביץ\documents\visual studio 2015\projects\secure_functions\app\secure_functions_u.h
c:\users\ליבוביץ\documents\visual studio 2015\projects\secure_functions\app\secure_functions_u.c
c:\users\ליבוביץ\documents\visual studio 2015\projects\secure_functions\app\debug\app.obj
c:\users\ליבוביץ\documents\visual studio 2015\projects\secure_functions\app\debug\vc140.pdb
c:\users\ליבוביץ\documents\visual studio 2015\projects\secure_functions\app\debug\secure_functions_u.obj
c:\users\7e07~1\appdata\local\temp\lnk{4ca4bbf3-b6ff-4134-8bd6-8379f825522a}.tmp
c:\users\ליבוביץ\documents\visual studio 2015\projects\secure_functions\debug\app.ilk
c:\users\ליבוביץ\documents\visual studio 2015\projects\secure_functions\debug\app.exe
c:\users\ליבוביץ\documents\visual studio 2015\projects\secure_functions\debug\app.pdb
c:\users\ליבוביץ\documents\visual studio 2015\projects\secure_functions\app\debug\app.tlog\app.write.1u.tlog
c:\users\ליבוביץ\documents\visual studio 2015\projects\secure_functions\app\debug\app.tlog\custombuild.command.1.tlog
c:\users\ליבוביץ\documents\visual studio 2015\projects\secure_functions\app\debug\app.tlog\custombuild.read.1.tlog
c:\users\ליבוביץ\documents\visual studio 2015\projects\secure_functions\app\debug\app.tlog\custombuild.write.1.tlog
c:\users\ליבוביץ\documents\visual studio 2015\projects\secure_functions\app\debug\app.tlog\icl-mcpcom.read.1.tlog
c:\users\ליבוביץ\documents\visual studio 2015\projects\secure_functions\app\debug\app.tlog\icl-mcpcom.write.1.tlog
c:\users\ליבוביץ\documents\visual studio 2015\projects\secure_functions\app\debug\app.tlog\icl.command.1.tlog
c:\users\ליבוביץ\documents\visual studio 2015\projects\secure_functions\app\debug\app.tlog\icl.read.1.tlog
c:\users\ליבוביץ\documents\visual studio 2015\projects\secure_functions\app\debug\app.tlog\icl.write.1.tlog
c:\users\ליבוביץ\documents\visual studio 2015\projects\secure_functions\app\debug\app.tlog\xilink-link-cvtres.read.1.tlog
c:\users\ליבוביץ\documents\visual studio 2015\projects\secure_functions\app\debug\app.tlog\xilink-link-cvtres.write.1.tlog
c:\users\ליבוביץ\documents\visual studio 2015\projects\secure_functions\app\debug\app.tlog\xilink-link-rc.read.1.tlog
c:\users\ליבוביץ\documents\visual studio 2015\projects\secure_functions\app\debug\app.tlog\xilink-link-rc.write.1.tlog
c:\users\ליבוביץ\documents\visual studio 2015\projects\secure_functions\app\debug\app.tlog\xilink-link.read.1.tlog
c:\users\ליבוביץ\documents\visual studio 2015\projects\secure_functions\app\debug\app.tlog\xilink-link.read.2.tlog
c:\users\ליבוביץ\documents\visual studio 2015\projects\secure_functions\app\debug\app.tlog\xilink-link.write.1.tlog
c:\users\ליבוביץ\documents\visual studio 2015\projects\secure_functions\app\debug\app.tlog\xilink.command.1.tlog
c:\users\ליבוביץ\documents\visual studio 2015\projects\secure_functions\app\debug\app.tlog\xilink.read.1.tlog
c:\users\ליבוביץ\documents\visual studio 2015\projects\secure_functions\app\debug\app.tlog\xilink.write.1.tlog
